<?xml version="1.0" encoding="UTF-8" ?>
<testsuite errors="0" failures="0" hostname="DESKTOP-ELQMLD1" name="UseCaseGroupReceiveNewWorkOrderTest" skipped="0" tests="3" time="82.477" timestamp="2020-02-16T06:31:32">
  <properties>
    <property name="java.vendor" value="Oracle Corporation" />
    <property name="ant.file.stormport" value="C:\work\stormport\TestResults.xml" />
    <property name="env.USERDOMAIN_ROAMINGPROFILE" value="DESKTOP-ELQMLD1" />
    <property name="sun.java.launcher" value="SUN_STANDARD" />
    <property name="sun.management.compiler" value="HotSpot 64-Bit Tiered Compilers" />
    <property name="env.PROMPT" value="$P$G" />
    <property name="env.DriverData" value="C:\Windows\System32\Drivers\DriverData" />
    <property name="os.name" value="Windows 10" />
    <property name="sun.boot.class.path" value="C:\java\jdk1.8\jre\lib\resources.jar;C:\java\jdk1.8\jre\lib\rt.jar;C:\java\jdk1.8\jre\lib\sunrsasign.jar;C:\java\jdk1.8\jre\lib\jsse.jar;C:\java\jdk1.8\jre\lib\jce.jar;C:\java\jdk1.8\jre\lib\charsets.jar;C:\java\jdk1.8\jre\lib\jfr.jar;C:\java\jdk1.8\jre\classes" />
    <property name="env.COMPUTERNAME" value="DESKTOP-ELQMLD1" />
    <property name="env.CommonProgramW6432" value="C:\Program Files\Common Files" />
    <property name="env.ALLUSERSPROFILE" value="C:\ProgramData" />
    <property name="sun.desktop" value="windows" />
    <property name="java.vm.specification.vendor" value="Oracle Corporation" />
    <property name="ant.home" value="C:\eclipse\plugins\org.apache.ant_1.10.5.v20180808-0324" />
    <property name="java.runtime.version" value="1.8.0_202-b08" />
    <property name="env.HOMEPATH" value="\Users\cloud" />
    <property name="user.name" value="mm" />
    <property name="user.language" value="zh" />
    <property name="sun.boot.library.path" value="C:\java\jdk1.8\jre\bin" />
    <property name="ant.project.default-target" value="build" />
    <property name="ant.project.name" value="stormport" />
    <property name="java.version" value="1.8.0_202" />
    <property name="env.PROCESSOR_IDENTIFIER" value="Intel64 Family 6 Model 61 Stepping 4, GenuineIntel" />
    <property name="user.timezone" value="" />
    <property name="env.TEMP" value="C:\Users\cloud\AppData\Local\Temp" />
    <property name="sun.arch.data.model" value="64" />
    <property name="ant.file.type.stormport" value="file" />
    <property name="java.endorsed.dirs" value="C:\java\jdk1.8\jre\lib\endorsed" />
    <property name="sun.cpu.isalist" value="amd64" />
    <property name="env.HOMEDRIVE" value="C:" />
    <property name="sun.jnu.encoding" value="GBK" />
    <property name="file.encoding.pkg" value="sun.io" />
    <property name="file.separator" value="\" />
    <property name="java.specification.name" value="Java Platform API Specification" />
    <property name="env.PyCharm" value="D:\PyCharm-2019.3.3\bin;" />
    <property name="java.class.version" value="52.0" />
    <property name="user.country" value="CN" />
    <property name="java.home" value="C:\java\jdk1.8\jre" />
    <property name="env.PSModulePath" value="C:\Program Files\WindowsPowerShell\Modules;C:\Windows\system32\WindowsPowerShell\v1.0\Modules" />
    <property name="env.APPDATA" value="C:\Users\cloud\AppData\Roaming" />
    <property name="env.PUBLIC" value="C:\Users\Public" />
    <property name="java.vm.info" value="mixed mode" />
    <property name="env.ComSpec" value="C:\Windows\system32\cmd.exe" />
    <property name="env.OS" value="Windows_NT" />
    <property name="env.CommonProgramFiles" value="C:\Program Files\Common Files" />
    <property name="ant.file" value="C:\work\stormport\TestResults.xml" />
    <property name="os.version" value="10.0" />
    <property name="env.ProgramW6432" value="C:\Program Files" />
    <property name="env.RUBYOPT" value="-Eutf-8" />
    <property name="path.separator" value=";" />
    <property name="java.vm.version" value="25.202-b08" />
    <property name="env.USERPROFILE" value="C:\Users\cloud" />
    <property name="user.variant" value="" />
    <property name="ant.library.dir" value="C:\eclipse\plugins\org.apache.ant_1.10.5.v20180808-0324\lib" />
    <property name="junit.output.dir" value="junit" />
    <property name="java.awt.printerjob" value="sun.awt.windows.WPrinterJob" />
    <property name="env.TMP" value="C:\Users\cloud\AppData\Local\Temp" />
    <property name="env.FPS_BROWSER_USER_PROFILE_STRING" value="Default" />
    <property name="sun.io.unicode.encoding" value="UnicodeLittle" />
    <property name="awt.toolkit" value="sun.awt.windows.WToolkit" />
    <property name="user.script" value="" />
    <property name="user.home" value="C:\Users\cloud" />
    <property name="target" value="1.8" />
    <property name="env.ProgramData" value="C:\ProgramData" />
    <property name="env.SESSIONNAME" value="Console" />
    <property name="env.ProgramFiles(x86)" value="C:\Program Files (x86)" />
    <property name="java.specification.vendor" value="Oracle Corporation" />
    <property name="env.NUMBER_OF_PROCESSORS" value="4" />
    <property name="java.library.path" value="C:\java\jdk1.8\jre\bin;C:\Windows\Sun\Java\bin;C:\Windows\system32;C:\Windows;C:/Java/jre1.8/bin/server;C:/Java/jre1.8/bin;C:/Java/jre1.8/lib/amd64;C:\Program Files (x86)\Common Files\Oracle\Java\javapath;C:\Windows\system32;C:\Windows;C:\Windows\System32\Wbem;C:\Windows\System32\WindowsPowerShell\v1.0\;C:\Windows\System32\OpenSSH\;C:\Ruby2.5.7\bin;C:\Users\cloud\AppData\Local\Microsoft\WindowsApps;D:\PyCharm-2019.3.3\bin;;C:\eclipse;;." />
    <property name="java.vendor.url" value="http://java.oracle.com/" />
    <property name="java.vm.vendor" value="Oracle Corporation" />
    <property name="java.runtime.name" value="Java(TM) SE Runtime Environment" />
    <property name="ant.version" value="Apache Ant(TM) version 1.10.5 compiled on July 10 2018" />
    <property name="java.class.path" value="C:\work\stormport;C:\eclipse\plugins\org.junit_4.12.0.v201504281640\junit.jar;C:\eclipse\plugins\org.hamcrest.core_1.3.0.v20180420-1519.jar;C:\Selenium-java-3.141.59\byte-buddy-1.8.15.jar;C:\Selenium-java-3.141.59\client-combined-3.141.59.jar;C:\Selenium-java-3.141.59\client-combined-3.141.59-sources.jar;C:\Selenium-java-3.141.59\commons-exec-1.3.jar;C:\Selenium-java-3.141.59\guava-25.0-jre.jar;C:\Selenium-java-3.141.59\okhttp-3.11.0.jar;C:\Selenium-java-3.141.59\okio-1.14.0.jar;C:\Java\commons-io-2.6.jar;C:\eclipse\plugins\org.apache.ant_1.10.5.v20180808-0324\lib\ant-launcher.jar;C:\eclipse\plugins\org.apache.ant_1.10.5.v20180808-0324\lib\ant.jar;C:\eclipse\plugins\org.apache.ant_1.10.5.v20180808-0324\lib\ant-junit.jar;C:\eclipse\plugins\org.apache.ant_1.10.5.v20180808-0324\lib\ant-junit4.jar" />
    <property name="sun.java.command" value="org.apache.tools.ant.taskdefs.optional.junit.JUnitTestRunner UseCaseGroupReceiveNewWorkOrderTest skipNonTests=false filtertrace=true haltOnError=false haltOnFailure=false formatter=org.apache.tools.ant.taskdefs.optional.junit.OutErrSummaryJUnitResultFormatter showoutput=false outputtoformatters=true logfailedtests=true threadid=0 logtestlistenerevents=false formatter=org.apache.tools.ant.taskdefs.optional.junit.XMLJUnitResultFormatter,C:\work\stormport\junit\TEST-UseCaseGroupReceiveNewWorkOrderTest.xml crashfile=C:\work\stormport\junitvmwatcher2785279931611687674.properties propsfile=C:\work\stormport\junit6146226016299780390.properties" />
    <property name="java.vm.specification.name" value="Java Virtual Machine Specification" />
    <property name="env.windir" value="C:\Windows" />
    <property name="env.LOGONSERVER" value="\\DESKTOP-ELQMLD1" />
    <property name="env.PROCESSOR_ARCHITECTURE" value="AMD64" />
    <property name="java.vm.specification.version" value="1.8" />
    <property name="sun.os.patch.level" value="" />
    <property name="sun.cpu.endian" value="little" />
    <property name="debuglevel" value="source,lines,vars" />
    <property name="env.OneDrive" value="C:\Users\cloud\OneDrive" />
    <property name="env.ProgramFiles" value="C:\Program Files" />
    <property name="env.ANT_HOME" value="C:\eclipse\plugins\org.apache.ant_1.10.5.v20180808-0324" />
    <property name="java.io.tmpdir" value="C:\Users\cloud\AppData\Local\Temp\" />
    <property name="env.PROCESSOR_REVISION" value="3d04" />
    <property name="env.CommonProgramFiles(x86)" value="C:\Program Files (x86)\Common Files" />
    <property name="java.vendor.url.bug" value="http://bugreport.sun.com/bugreport/" />
    <property name="env.SystemRoot" value="C:\Windows" />
    <property name="env.FPS_BROWSER_APP_PROFILE_STRING" value="Internet Explorer" />
    <property name="java.awt.graphicsenv" value="sun.awt.Win32GraphicsEnvironment" />
    <property name="os.arch" value="amd64" />
    <property name="java.ext.dirs" value="C:\java\jdk1.8\jre\lib\ext;C:\Windows\Sun\Java\lib\ext" />
    <property name="user.dir" value="C:\work\stormport" />
    <property name="env.LOCALAPPDATA" value="C:\Users\cloud\AppData\Local" />
    <property name="line.separator" value="&#xd;&#xa;" />
    <property name="java.vm.name" value="Java HotSpot(TM) 64-Bit Server VM" />
    <property name="env.PATHEXT" value=".COM;.EXE;.BAT;.CMD;.VBS;.VBE;.JS;.JSE;.WSF;.WSH;.MSC;.RB;.RBW" />
    <property name="env.Path" value="C:/Java/jre1.8/bin/server;C:/Java/jre1.8/bin;C:/Java/jre1.8/lib/amd64;C:\Program Files (x86)\Common Files\Oracle\Java\javapath;C:\Windows\system32;C:\Windows;C:\Windows\System32\Wbem;C:\Windows\System32\WindowsPowerShell\v1.0\;C:\Windows\System32\OpenSSH\;C:\Ruby2.5.7\bin;C:\Users\cloud\AppData\Local\Microsoft\WindowsApps;D:\PyCharm-2019.3.3\bin;;C:\eclipse;" />
    <property name="basedir" value="C:\work\stormport" />
    <property name="ant.java.version" value="1.8" />
    <property name="ant.core.lib" value="C:\eclipse\plugins\org.apache.ant_1.10.5.v20180808-0324\lib\ant.jar" />
    <property name="env.USERNAME" value="mm" />
    <property name="source" value="1.8" />
    <property name="env.SystemDrive" value="C:" />
    <property name="file.encoding" value="GBK" />
    <property name="env.USERDOMAIN" value="DESKTOP-ELQMLD1" />
    <property name="java.specification.version" value="1.8" />
    <property name="ant.project.invoked-targets" value="UseCaseGroupLoginTest,UseCaseGroupViewWorkOrderTest,UseCaseGroupReceiveNewWorkOrderTest" />
    <property name="env.PROCESSOR_LEVEL" value="6" />
  </properties>
  <testcase classname="UseCaseGroupReceiveNewWorkOrderTest" name="test0200301Uidc61b496d21dc41c58a3073df2aca287e" time="27.976" />
  <testcase classname="UseCaseGroupReceiveNewWorkOrderTest" name="test0200201Uid7db626c31ab4443ea62bb30f902a60d7" time="26.874" />
  <testcase classname="UseCaseGroupReceiveNewWorkOrderTest" name="test0200101Uid9c77d0213de74e71ad4bee899579d53f" time="27.525" />
  <system-out><![CDATA[page loaded here!
Save current window of 'Work Orders' snapshot to File E:\TEMP2\snapshot_window_20200216193152.jpg
The case of verifyAsReceivedOrderType as < PREVENTIVE > is snapshotted now and need to be verified by manual.
page loaded here!
Save current window of 'Work Orders' snapshot to File E:\TEMP2\snapshot_window_20200216193219.jpg
The case of verifyAsReceivedOrderType as < PLANNED > is snapshotted now and need to be verified by manual.
page loaded here!
Save current window of 'Work Orders' snapshot to File E:\TEMP2\snapshot_window_20200216193247.jpg
The case of verifyAsReceivedOrderType as < REACTIVE > is snapshotted now and need to be verified by manual.
]]></system-out>
  <system-err><![CDATA[Starting ChromeDriver 80.0.3987.16 (320f6526c1632ad4f205ebce69b99a062ed78647-refs/branch-heads/3987@{#185}) on port 31225
Only local connections are allowed.
Please protect ports used by ChromeDriver and related test frameworks to prevent access by malicious code.
二月 16, 2020 7:31:37 下午 org.openqa.selenium.remote.ProtocolHandshake createSession
信息: Detected dialect: W3C
[1581834699.712][SEVERE]: Timed out receiving message from renderer: 0.100
[1581834699.814][SEVERE]: Timed out receiving message from renderer: 0.100
[1581834699.916][SEVERE]: Timed out receiving message from renderer: 0.100
[1581834700.017][SEVERE]: Timed out receiving message from renderer: 0.100
[1581834700.118][SEVERE]: Timed out receiving message from renderer: 0.100
[1581834706.483][SEVERE]: Timed out receiving message from renderer: 0.100
[1581834706.685][SEVERE]: Timed out receiving message from renderer: 0.100
[1581834707.079][SEVERE]: Timed out receiving message from renderer: 0.100
[1581834707.403][SEVERE]: Timed out receiving message from renderer: 0.100
Starting ChromeDriver 80.0.3987.16 (320f6526c1632ad4f205ebce69b99a062ed78647-refs/branch-heads/3987@{#185}) on port 39433
Only local connections are allowed.
Please protect ports used by ChromeDriver and related test frameworks to prevent access by malicious code.
二月 16, 2020 7:32:03 下午 org.openqa.selenium.remote.ProtocolHandshake createSession
信息: Detected dialect: W3C
[1581834725.698][SEVERE]: Timed out receiving message from renderer: 0.100
[1581834725.800][SEVERE]: Timed out receiving message from renderer: 0.100
[1581834725.902][SEVERE]: Timed out receiving message from renderer: 0.100
[1581834726.003][SEVERE]: Timed out receiving message from renderer: 0.100
[1581834732.020][SEVERE]: Timed out receiving message from renderer: 0.100
[1581834732.735][SEVERE]: Timed out receiving message from renderer: 0.100
[1581834738.036][SEVERE]: Timed out receiving message from renderer: 0.100
Starting ChromeDriver 80.0.3987.16 (320f6526c1632ad4f205ebce69b99a062ed78647-refs/branch-heads/3987@{#185}) on port 47476
Only local connections are allowed.
Please protect ports used by ChromeDriver and related test frameworks to prevent access by malicious code.
二月 16, 2020 7:32:30 下午 org.openqa.selenium.remote.ProtocolHandshake createSession
信息: Detected dialect: W3C
[1581834752.633][SEVERE]: Timed out receiving message from renderer: 0.100
[1581834752.745][SEVERE]: Timed out receiving message from renderer: 0.100
[1581834752.846][SEVERE]: Timed out receiving message from renderer: 0.100
[1581834752.954][SEVERE]: Timed out receiving message from renderer: 0.100
[1581834753.063][SEVERE]: Timed out receiving message from renderer: 0.100
[1581834759.281][SEVERE]: Timed out receiving message from renderer: 0.100
[1581834759.482][SEVERE]: Timed out receiving message from renderer: 0.100
[1581834759.872][SEVERE]: Timed out receiving message from renderer: 0.100
]]></system-err>
</testsuite>
